2019-04-19 12:36:07 INFO  Bot:47 - Exception: 
org.telegram.telegrambots.exceptions.TelegramApiRequestException: Error sending message: [403] Forbidden: bot was blocked by the user
	at org.telegram.telegrambots.api.methods.send.SendMessage.deserializeResponse(SendMessage.java:170)
	at org.telegram.telegrambots.api.methods.send.SendMessage.deserializeResponse(SendMessage.java:24)
	at org.telegram.telegrambots.bots.DefaultAbsSender.sendApiMethod(DefaultAbsSender.java:672)
	at org.telegram.telegrambots.bots.AbsSender.sendMessage(AbsSender.java:64)
	at com.soft.vadim.bot.Bot.sendMsg(Bot.java:45)
	at com.soft.vadim.bot.Bot.onUpdateReceived(Bot.java:22)
	at java.base/java.util.ArrayList.forEach(ArrayList.java:1540)
	at org.telegram.telegrambots.generics.LongPollingBot.onUpdatesReceived(LongPollingBot.java:27)
	at org.telegram.telegrambots.updatesreceivers.DefaultBotSession$HandlerThread.run(DefaultBotSession.java:306)
2019-04-19 12:36:13 INFO  Bot:47 - Exception: 
org.telegram.telegrambots.exceptions.TelegramApiValidationException: ChatId parameter can't be empty in method: SendMessage{chatId='null', text='null', parseMode='null', disableWebPagePreview=null, replyToMessageId=null, replyMarkup=null}
	at org.telegram.telegrambots.api.methods.send.SendMessage.validate(SendMessage.java:180)
	at org.telegram.telegrambots.bots.DefaultAbsSender.sendMethodRequest(DefaultAbsSender.java:711)
	at org.telegram.telegrambots.bots.DefaultAbsSender.sendApiMethod(DefaultAbsSender.java:671)
	at org.telegram.telegrambots.bots.AbsSender.sendMessage(AbsSender.java:64)
	at com.soft.vadim.bot.Bot.sendMsg(Bot.java:45)
	at com.soft.vadim.bot.Bot.onUpdateReceived(Bot.java:22)
	at java.base/java.util.ArrayList.forEach(ArrayList.java:1540)
	at org.telegram.telegrambots.generics.LongPollingBot.onUpdatesReceived(LongPollingBot.java:27)
	at org.telegram.telegrambots.updatesreceivers.DefaultBotSession$HandlerThread.run(DefaultBotSession.java:306)
2019-04-19 12:38:31 INFO  Bot:47 - Exception: 
org.telegram.telegrambots.exceptions.TelegramApiValidationException: ChatId parameter can't be empty in method: SendMessage{chatId='null', text='null', parseMode='null', disableWebPagePreview=null, replyToMessageId=null, replyMarkup=null}
	at org.telegram.telegrambots.api.methods.send.SendMessage.validate(SendMessage.java:180)
	at org.telegram.telegrambots.bots.DefaultAbsSender.sendMethodRequest(DefaultAbsSender.java:711)
	at org.telegram.telegrambots.bots.DefaultAbsSender.sendApiMethod(DefaultAbsSender.java:671)
	at org.telegram.telegrambots.bots.AbsSender.sendMessage(AbsSender.java:64)
	at com.soft.vadim.bot.Bot.sendMsg(Bot.java:45)
	at com.soft.vadim.bot.Bot.onUpdateReceived(Bot.java:22)
	at java.base/java.util.ArrayList.forEach(ArrayList.java:1540)
	at org.telegram.telegrambots.generics.LongPollingBot.onUpdatesReceived(LongPollingBot.java:27)
	at org.telegram.telegrambots.updatesreceivers.DefaultBotSession$HandlerThread.run(DefaultBotSession.java:306)
2019-04-19 12:42:24 INFO  Bot:36 - Отправка аудио
2019-04-19 12:42:24 INFO  Bot:47 - Exception: 
org.telegram.telegrambots.exceptions.TelegramApiValidationException: ChatId parameter can't be empty in method: SendMessage{chatId='null', text='null', parseMode='null', disableWebPagePreview=null, replyToMessageId=null, replyMarkup=null}
	at org.telegram.telegrambots.api.methods.send.SendMessage.validate(SendMessage.java:180)
	at org.telegram.telegrambots.bots.DefaultAbsSender.sendMethodRequest(DefaultAbsSender.java:711)
	at org.telegram.telegrambots.bots.DefaultAbsSender.sendApiMethod(DefaultAbsSender.java:671)
	at org.telegram.telegrambots.bots.AbsSender.sendMessage(AbsSender.java:64)
	at com.soft.vadim.bot.Bot.sendMsg(Bot.java:45)
	at com.soft.vadim.bot.Bot.onUpdateReceived(Bot.java:22)
	at java.base/java.util.ArrayList.forEach(ArrayList.java:1540)
	at org.telegram.telegrambots.generics.LongPollingBot.onUpdatesReceived(LongPollingBot.java:27)
	at org.telegram.telegrambots.updatesreceivers.DefaultBotSession$HandlerThread.run(DefaultBotSession.java:306)
2019-04-19 12:43:55 INFO  Bot:40 - check else
2019-04-19 12:44:12 INFO  Bot:36 - Отправка аудио
2019-04-19 12:44:12 INFO  Bot:48 - Exception: 
org.telegram.telegrambots.exceptions.TelegramApiValidationException: ChatId parameter can't be empty in method: SendMessage{chatId='null', text='null', parseMode='null', disableWebPagePreview=null, replyToMessageId=null, replyMarkup=null}
	at org.telegram.telegrambots.api.methods.send.SendMessage.validate(SendMessage.java:180)
	at org.telegram.telegrambots.bots.DefaultAbsSender.sendMethodRequest(DefaultAbsSender.java:711)
	at org.telegram.telegrambots.bots.DefaultAbsSender.sendApiMethod(DefaultAbsSender.java:671)
	at org.telegram.telegrambots.bots.AbsSender.sendMessage(AbsSender.java:64)
	at com.soft.vadim.bot.Bot.sendMsg(Bot.java:46)
	at com.soft.vadim.bot.Bot.onUpdateReceived(Bot.java:22)
	at java.base/java.util.ArrayList.forEach(ArrayList.java:1540)
	at org.telegram.telegrambots.generics.LongPollingBot.onUpdatesReceived(LongPollingBot.java:27)
	at org.telegram.telegrambots.updatesreceivers.DefaultBotSession$HandlerThread.run(DefaultBotSession.java:306)
2019-04-19 12:46:54 INFO  Bot:45 - check else
2019-04-19 12:47:07 INFO  Bot:36 - Отправка аудио
2019-04-19 12:54:29 INFO  Bot:36 - Отправка аудио
2019-04-19 13:18:40 INFO  Bot:36 - Отправка аудио
2019-04-19 13:46:20 INFO  Bot:39 - Отправка аудио
2019-04-20 00:07:10 INFO  Bot:52 - check else
2019-04-20 00:07:39 INFO  Bot:39 - Отправка аудио
2019-04-20 12:02:22 INFO  Bot:68 - check else
2019-04-20 12:03:53 INFO  Bot:55 - Отправка аудио
2019-04-20 12:07:22 INFO  Bot:55 - Отправка аудио
2019-04-20 12:20:17 INFO  Bot:65 - check else
2019-04-20 12:20:47 INFO  Bot:65 - check else
2019-04-20 12:20:57 INFO  Bot:65 - check else
2019-04-20 12:21:14 INFO  Bot:65 - check else
2019-04-20 12:21:14 INFO  Bot:72 - Exception: 
org.telegram.telegrambots.exceptions.TelegramApiRequestException: Error sending message: [400] Bad Request: message is too long
	at org.telegram.telegrambots.api.methods.send.SendMessage.deserializeResponse(SendMessage.java:170)
	at org.telegram.telegrambots.api.methods.send.SendMessage.deserializeResponse(SendMessage.java:24)
	at org.telegram.telegrambots.bots.DefaultAbsSender.sendApiMethod(DefaultAbsSender.java:672)
	at org.telegram.telegrambots.bots.AbsSender.sendMessage(AbsSender.java:64)
	at com.soft.vadim.bot.Bot.sendMsg(Bot.java:70)
	at com.soft.vadim.bot.Bot.onUpdateReceived(Bot.java:33)
	at java.base/java.util.ArrayList.forEach(ArrayList.java:1540)
	at org.telegram.telegrambots.generics.LongPollingBot.onUpdatesReceived(LongPollingBot.java:27)
	at org.telegram.telegrambots.updatesreceivers.DefaultBotSession$HandlerThread.run(DefaultBotSession.java:306)
2019-04-20 12:21:15 INFO  Bot:65 - check else
2019-04-20 12:21:15 INFO  Bot:72 - Exception: 
org.telegram.telegrambots.exceptions.TelegramApiRequestException: Error sending message: [400] Bad Request: message is too long
	at org.telegram.telegrambots.api.methods.send.SendMessage.deserializeResponse(SendMessage.java:170)
	at org.telegram.telegrambots.api.methods.send.SendMessage.deserializeResponse(SendMessage.java:24)
	at org.telegram.telegrambots.bots.DefaultAbsSender.sendApiMethod(DefaultAbsSender.java:672)
	at org.telegram.telegrambots.bots.AbsSender.sendMessage(AbsSender.java:64)
	at com.soft.vadim.bot.Bot.sendMsg(Bot.java:70)
	at com.soft.vadim.bot.Bot.onUpdateReceived(Bot.java:33)
	at java.base/java.util.ArrayList.forEach(ArrayList.java:1540)
	at org.telegram.telegrambots.generics.LongPollingBot.onUpdatesReceived(LongPollingBot.java:27)
	at org.telegram.telegrambots.updatesreceivers.DefaultBotSession$HandlerThread.run(DefaultBotSession.java:306)
2019-04-20 12:21:15 INFO  Bot:65 - check else
2019-04-20 12:21:15 INFO  Bot:72 - Exception: 
org.telegram.telegrambots.exceptions.TelegramApiRequestException: Error sending message: [400] Bad Request: message is too long
	at org.telegram.telegrambots.api.methods.send.SendMessage.deserializeResponse(SendMessage.java:170)
	at org.telegram.telegrambots.api.methods.send.SendMessage.deserializeResponse(SendMessage.java:24)
	at org.telegram.telegrambots.bots.DefaultAbsSender.sendApiMethod(DefaultAbsSender.java:672)
	at org.telegram.telegrambots.bots.AbsSender.sendMessage(AbsSender.java:64)
	at com.soft.vadim.bot.Bot.sendMsg(Bot.java:70)
	at com.soft.vadim.bot.Bot.onUpdateReceived(Bot.java:33)
	at java.base/java.util.ArrayList.forEach(ArrayList.java:1540)
	at org.telegram.telegrambots.generics.LongPollingBot.onUpdatesReceived(LongPollingBot.java:27)
	at org.telegram.telegrambots.updatesreceivers.DefaultBotSession$HandlerThread.run(DefaultBotSession.java:306)
2019-04-20 12:21:15 INFO  Bot:65 - check else
2019-04-20 12:21:15 INFO  Bot:72 - Exception: 
org.telegram.telegrambots.exceptions.TelegramApiRequestException: Error sending message: [400] Bad Request: message is too long
	at org.telegram.telegrambots.api.methods.send.SendMessage.deserializeResponse(SendMessage.java:170)
	at org.telegram.telegrambots.api.methods.send.SendMessage.deserializeResponse(SendMessage.java:24)
	at org.telegram.telegrambots.bots.DefaultAbsSender.sendApiMethod(DefaultAbsSender.java:672)
	at org.telegram.telegrambots.bots.AbsSender.sendMessage(AbsSender.java:64)
	at com.soft.vadim.bot.Bot.sendMsg(Bot.java:70)
	at com.soft.vadim.bot.Bot.onUpdateReceived(Bot.java:33)
	at java.base/java.util.ArrayList.forEach(ArrayList.java:1540)
	at org.telegram.telegrambots.generics.LongPollingBot.onUpdatesReceived(LongPollingBot.java:27)
	at org.telegram.telegrambots.updatesreceivers.DefaultBotSession$HandlerThread.run(DefaultBotSession.java:306)
2019-04-20 12:21:16 INFO  Bot:65 - check else
2019-04-20 12:21:16 INFO  Bot:72 - Exception: 
org.telegram.telegrambots.exceptions.TelegramApiRequestException: Error sending message: [400] Bad Request: message is too long
	at org.telegram.telegrambots.api.methods.send.SendMessage.deserializeResponse(SendMessage.java:170)
	at org.telegram.telegrambots.api.methods.send.SendMessage.deserializeResponse(SendMessage.java:24)
	at org.telegram.telegrambots.bots.DefaultAbsSender.sendApiMethod(DefaultAbsSender.java:672)
	at org.telegram.telegrambots.bots.AbsSender.sendMessage(AbsSender.java:64)
	at com.soft.vadim.bot.Bot.sendMsg(Bot.java:70)
	at com.soft.vadim.bot.Bot.onUpdateReceived(Bot.java:33)
	at java.base/java.util.ArrayList.forEach(ArrayList.java:1540)
	at org.telegram.telegrambots.generics.LongPollingBot.onUpdatesReceived(LongPollingBot.java:27)
	at org.telegram.telegrambots.updatesreceivers.DefaultBotSession$HandlerThread.run(DefaultBotSession.java:306)
2019-04-20 12:21:16 INFO  Bot:65 - check else
2019-04-20 12:21:16 INFO  Bot:72 - Exception: 
org.telegram.telegrambots.exceptions.TelegramApiRequestException: Error sending message: [400] Bad Request: message is too long
	at org.telegram.telegrambots.api.methods.send.SendMessage.deserializeResponse(SendMessage.java:170)
	at org.telegram.telegrambots.api.methods.send.SendMessage.deserializeResponse(SendMessage.java:24)
	at org.telegram.telegrambots.bots.DefaultAbsSender.sendApiMethod(DefaultAbsSender.java:672)
	at org.telegram.telegrambots.bots.AbsSender.sendMessage(AbsSender.java:64)
	at com.soft.vadim.bot.Bot.sendMsg(Bot.java:70)
	at com.soft.vadim.bot.Bot.onUpdateReceived(Bot.java:33)
	at java.base/java.util.ArrayList.forEach(ArrayList.java:1540)
	at org.telegram.telegrambots.generics.LongPollingBot.onUpdatesReceived(LongPollingBot.java:27)
	at org.telegram.telegrambots.updatesreceivers.DefaultBotSession$HandlerThread.run(DefaultBotSession.java:306)
2019-04-20 12:21:16 INFO  Bot:65 - check else
2019-04-20 12:21:42 INFO  Bot:65 - check else
2019-04-23 00:28:00 INFO  Bot:35 - java.io.IOException: Server returned HTTP response code: 500 for URL: https://downloadmusicvk.ru/audio/download?aid=138499579_456239772&artist=Billie%2BEilish&title=bad%2Bguy&duration=3%3A14&secDuration=194&url=https%3A%2F%2Fcs1-68v4.vkuseraudio.net%2Fp11%2F61047b431c5cc9.mp3
2019-04-23 00:28:00 INFO  Bot:35 - java.io.IOException: Server returned HTTP response code: 500 for URL: https://downloadmusicvk.ru/audio/download?aid=138499579_456239772&artist=Billie%2BEilish&title=bad%2Bguy&duration=3%3A14&secDuration=194&url=https%3A%2F%2Fcs1-68v4.vkuseraudio.net%2Fp11%2F61047b431c5cc9.mp3
2019-04-23 00:28:01 INFO  Bot:35 - java.io.IOException: Server returned HTTP response code: 500 for URL: https://downloadmusicvk.ru/audio/download?aid=138499579_456239772&artist=Billie%2BEilish&title=bad%2Bguy&duration=3%3A14&secDuration=194&url=https%3A%2F%2Fcs1-68v4.vkuseraudio.net%2Fp11%2F61047b431c5cc9.mp3
2019-04-23 00:28:24 INFO  Bot:35 - java.io.IOException: Server returned HTTP response code: 500 for URL: https://downloadmusicvk.ru/audio/download?aid=138499579_456239772&artist=Billie%2BEilish&title=bad%2Bguy&duration=3%3A14&secDuration=194&url=https%3A%2F%2Fcs1-68v4.vkuseraudio.net%2Fp11%2F61047b431c5cc9.mp3
2019-04-23 00:30:00 INFO  Bot:35 - java.io.IOException: Server returned HTTP response code: 500 for URL: https://downloadmusicvk.ru/audio/download?aid=138499579_456239772&artist=Billie%2BEilish&title=bad%2Bguy&duration=3%3A14&secDuration=194&url=https%3A%2F%2Fcs1-68v4.vkuseraudio.net%2Fp11%2F61047b431c5cc9.mp3
2019-04-23 00:32:06 INFO  Bot:66 - check else
2019-04-23 00:32:11 INFO  Bot:66 - check else
2019-04-23 00:32:16 INFO  Bot:56 - Отправка аудио
2019-04-23 00:35:40 INFO  Bot:66 - check else
2019-04-23 00:35:48 INFO  Bot:56 - Отправка аудио
2019-04-23 00:36:18 INFO  Bot:56 - Отправка аудио
2019-04-23 00:37:46 INFO  Bot:56 - Отправка аудио
2019-04-23 01:16:46 INFO  Bot:66 - check else
2019-04-23 01:16:46 INFO  Bot:73 - Exception: 
org.telegram.telegrambots.exceptions.TelegramApiRequestException: Error sending message: [400] Bad Request: can't parse entities: Can't find end of the entity starting at byte offset 95
	at org.telegram.telegrambots.api.methods.send.SendMessage.deserializeResponse(SendMessage.java:170)
	at org.telegram.telegrambots.api.methods.send.SendMessage.deserializeResponse(SendMessage.java:24)
	at org.telegram.telegrambots.bots.DefaultAbsSender.sendApiMethod(DefaultAbsSender.java:672)
	at org.telegram.telegrambots.bots.AbsSender.sendMessage(AbsSender.java:64)
	at com.soft.vadim.bot.Bot.sendMsg(Bot.java:71)
	at com.soft.vadim.bot.Bot.onUpdateReceived(Bot.java:33)
	at java.base/java.util.ArrayList.forEach(ArrayList.java:1540)
	at org.telegram.telegrambots.generics.LongPollingBot.onUpdatesReceived(LongPollingBot.java:27)
	at org.telegram.telegrambots.updatesreceivers.DefaultBotSession$HandlerThread.run(DefaultBotSession.java:306)
2019-04-23 01:17:02 INFO  Bot:66 - check else
2019-04-23 12:15:21 INFO  Bot:66 - check else
2019-04-23 21:57:52 INFO  Bot:35 - java.io.IOException: Server returned HTTP response code: 400 for URL: https://vrit.me/download.php?artist=charlie xcx&title=boom clap!&url=https://cs1-72v4.vkuseraudio.net/p10/7c583d6106a436.mp3?extra=QmqYpze_yxVrTqVTnKN2GYVdC-YXneUXalfXMYwlq2k72Rw57uf1jumVrsHbK2Mq_9XqJtH6BdfG03o3rw0DKe_ndb3PuR8NgpQZxWDO7Gjepl7apqKJ_2O3cw-wfBjBKq7bAJ1gQlqDeE07mHWTkk1U
2019-04-23 22:00:32 INFO  Bot:68 - check else
2019-04-23 22:00:53 INFO  Bot:58 - Отправка аудио
2019-04-23 22:00:53 INFO  Bot:65 - Exception: 
org.telegram.telegrambots.exceptions.TelegramApiRequestException: Error sending audio: [400] Bad Request: file must be non-empty
	at org.telegram.telegrambots.api.methods.send.SendAudio.deserializeResponse(SendAudio.java:202)
	at org.telegram.telegrambots.bots.DefaultAbsSender.sendAudio(DefaultAbsSender.java:416)
	at com.soft.vadim.bot.Bot.sendMsg(Bot.java:63)
	at com.soft.vadim.bot.Bot.onUpdateReceived(Bot.java:33)
	at java.base/java.util.ArrayList.forEach(ArrayList.java:1540)
	at org.telegram.telegrambots.generics.LongPollingBot.onUpdatesReceived(LongPollingBot.java:27)
	at org.telegram.telegrambots.updatesreceivers.DefaultBotSession$HandlerThread.run(DefaultBotSession.java:306)
2019-04-23 22:07:36 INFO  Bot:35 - java.io.IOException: Server returned HTTP response code: 400 for URL: https://vrit.me//download.php?artist=charlie xcx&amp;title=boom clap!&amp;url=https://cs1-72v4.vkuseraudio.net/p10/7c583d6106a436.mp3?extra=QmqYpze_yxVrTqVTnKN2GYVdC-YXneUXalfXMYwlq2k72Rw57uf1jumVrsHbK2Mq_9XqJtH6BdfG03o3rw0DKe_ndb3PuR8NgpQZxWDO7Gjepl7apqKJ_2O3cw-wfBjBKq7bAJ1gQlqDeE07mHWTkk1U
2019-04-23 22:13:29 INFO  Bot:71 - check else
2019-04-23 22:13:39 INFO  Bot:61 - Отправка аудио
2019-04-23 22:13:39 INFO  Bot:68 - Exception: 
org.telegram.telegrambots.exceptions.TelegramApiRequestException: Error sending audio: [400] Bad Request: file must be non-empty
	at org.telegram.telegrambots.api.methods.send.SendAudio.deserializeResponse(SendAudio.java:202)
	at org.telegram.telegrambots.bots.DefaultAbsSender.sendAudio(DefaultAbsSender.java:416)
	at com.soft.vadim.bot.Bot.sendMsg(Bot.java:66)
	at com.soft.vadim.bot.Bot.onUpdateReceived(Bot.java:33)
	at java.base/java.util.ArrayList.forEach(ArrayList.java:1540)
	at org.telegram.telegrambots.generics.LongPollingBot.onUpdatesReceived(LongPollingBot.java:27)
	at org.telegram.telegrambots.updatesreceivers.DefaultBotSession$HandlerThread.run(DefaultBotSession.java:306)
2019-04-23 22:14:50 INFO  Bot:71 - check else
2019-04-23 22:20:13 INFO  Bot:71 - check else
2019-04-23 22:20:19 INFO  Bot:61 - Отправка аудио
2019-04-23 22:25:21 INFO  Bot:61 - Отправка аудио
2019-04-23 22:25:22 INFO  Bot:68 - Exception: 
org.telegram.telegrambots.exceptions.TelegramApiRequestException: Error sending audio: [400] Bad Request: file must be non-empty
	at org.telegram.telegrambots.api.methods.send.SendAudio.deserializeResponse(SendAudio.java:202)
	at org.telegram.telegrambots.bots.DefaultAbsSender.sendAudio(DefaultAbsSender.java:416)
	at com.soft.vadim.bot.Bot.sendMsg(Bot.java:66)
	at com.soft.vadim.bot.Bot.onUpdateReceived(Bot.java:33)
	at java.base/java.util.ArrayList.forEach(ArrayList.java:1540)
	at org.telegram.telegrambots.generics.LongPollingBot.onUpdatesReceived(LongPollingBot.java:27)
	at org.telegram.telegrambots.updatesreceivers.DefaultBotSession$HandlerThread.run(DefaultBotSession.java:306)
2019-04-23 22:26:52 INFO  Bot:61 - Отправка аудио
2019-04-23 22:26:52 INFO  Bot:68 - Exception: 
org.telegram.telegrambots.exceptions.TelegramApiRequestException: Error sending audio: [400] Bad Request: file must be non-empty
	at org.telegram.telegrambots.api.methods.send.SendAudio.deserializeResponse(SendAudio.java:202)
	at org.telegram.telegrambots.bots.DefaultAbsSender.sendAudio(DefaultAbsSender.java:416)
	at com.soft.vadim.bot.Bot.sendMsg(Bot.java:66)
	at com.soft.vadim.bot.Bot.onUpdateReceived(Bot.java:33)
	at java.base/java.util.ArrayList.forEach(ArrayList.java:1540)
	at org.telegram.telegrambots.generics.LongPollingBot.onUpdatesReceived(LongPollingBot.java:27)
	at org.telegram.telegrambots.updatesreceivers.DefaultBotSession$HandlerThread.run(DefaultBotSession.java:306)
2019-04-23 22:32:31 INFO  Bot:72 - check else
2019-04-23 22:32:41 INFO  Bot:62 - Отправка аудио
2019-04-23 22:32:41 INFO  Bot:69 - Exception: 
org.telegram.telegrambots.exceptions.TelegramApiRequestException: Error sending audio: [400] Bad Request: file must be non-empty
	at org.telegram.telegrambots.api.methods.send.SendAudio.deserializeResponse(SendAudio.java:202)
	at org.telegram.telegrambots.bots.DefaultAbsSender.sendAudio(DefaultAbsSender.java:416)
	at com.soft.vadim.bot.Bot.sendMsg(Bot.java:67)
	at com.soft.vadim.bot.Bot.onUpdateReceived(Bot.java:33)
	at java.base/java.util.ArrayList.forEach(ArrayList.java:1540)
	at org.telegram.telegrambots.generics.LongPollingBot.onUpdatesReceived(LongPollingBot.java:27)
	at org.telegram.telegrambots.updatesreceivers.DefaultBotSession$HandlerThread.run(DefaultBotSession.java:306)
2019-04-23 22:35:31 INFO  Bot:62 - Отправка аудио
2019-04-23 22:35:32 INFO  Bot:69 - Exception: 
org.telegram.telegrambots.exceptions.TelegramApiRequestException: Error sending audio: [400] Bad Request: file must be non-empty
	at org.telegram.telegrambots.api.methods.send.SendAudio.deserializeResponse(SendAudio.java:202)
	at org.telegram.telegrambots.bots.DefaultAbsSender.sendAudio(DefaultAbsSender.java:416)
	at com.soft.vadim.bot.Bot.sendMsg(Bot.java:67)
	at com.soft.vadim.bot.Bot.onUpdateReceived(Bot.java:33)
	at java.base/java.util.ArrayList.forEach(ArrayList.java:1540)
	at org.telegram.telegrambots.generics.LongPollingBot.onUpdatesReceived(LongPollingBot.java:27)
	at org.telegram.telegrambots.updatesreceivers.DefaultBotSession$HandlerThread.run(DefaultBotSession.java:306)
2019-04-23 22:35:46 INFO  Bot:72 - check else
2019-04-23 22:35:56 INFO  Bot:62 - Отправка аудио
2019-04-23 22:35:56 INFO  Bot:69 - Exception: 
org.telegram.telegrambots.exceptions.TelegramApiRequestException: Error sending audio: [400] Bad Request: file must be non-empty
	at org.telegram.telegrambots.api.methods.send.SendAudio.deserializeResponse(SendAudio.java:202)
	at org.telegram.telegrambots.bots.DefaultAbsSender.sendAudio(DefaultAbsSender.java:416)
	at com.soft.vadim.bot.Bot.sendMsg(Bot.java:67)
	at com.soft.vadim.bot.Bot.onUpdateReceived(Bot.java:33)
	at java.base/java.util.ArrayList.forEach(ArrayList.java:1540)
	at org.telegram.telegrambots.generics.LongPollingBot.onUpdatesReceived(LongPollingBot.java:27)
	at org.telegram.telegrambots.updatesreceivers.DefaultBotSession$HandlerThread.run(DefaultBotSession.java:306)
2019-04-23 22:46:52 INFO  Bot:72 - check else
2019-04-23 22:46:56 INFO  Bot:62 - Отправка аудио
2019-04-23 22:46:56 INFO  Bot:69 - Exception: 
org.telegram.telegrambots.exceptions.TelegramApiRequestException: Error sending audio: [400] Bad Request: file must be non-empty
	at org.telegram.telegrambots.api.methods.send.SendAudio.deserializeResponse(SendAudio.java:202)
	at org.telegram.telegrambots.bots.DefaultAbsSender.sendAudio(DefaultAbsSender.java:416)
	at com.soft.vadim.bot.Bot.sendMsg(Bot.java:67)
	at com.soft.vadim.bot.Bot.onUpdateReceived(Bot.java:33)
	at java.base/java.util.ArrayList.forEach(ArrayList.java:1540)
	at org.telegram.telegrambots.generics.LongPollingBot.onUpdatesReceived(LongPollingBot.java:27)
	at org.telegram.telegrambots.updatesreceivers.DefaultBotSession$HandlerThread.run(DefaultBotSession.java:306)
2019-04-23 23:08:56 INFO  Bot:35 - java.io.IOException: Server returned HTTP response code: 500 for URL: https://downloadmusicvk.ru/audio/download?aid=138499579_456239772&artist=Billie%2BEilish&title=bad%2Bguy&duration=3%3A14&secDuration=194&url=https%3A%2F%2Fcs1-68v4.vkuseraudio.net%2Fp11%2F61047b431c5cc9.mp3
2019-04-23 23:10:20 INFO  Bot:35 - java.io.IOException: Server returned HTTP response code: 500 for URL: https://downloadmusicvk.ru/audio/download?aid=138499579_456239772&artist=Billie%2BEilish&title=bad%2Bguy&duration=3%3A14&secDuration=194&url=https%3A%2F%2Fcs1-68v4.vkuseraudio.net%2Fp11%2F61047b431c5cc9.mp3
2019-04-23 23:11:18 INFO  Bot:72 - check else
2019-04-23 23:12:03 INFO  Bot:72 - check else
2019-04-23 23:12:11 INFO  Bot:62 - Отправка аудио
2019-04-23 23:12:11 INFO  Bot:69 - Exception: 
org.telegram.telegrambots.exceptions.TelegramApiRequestException: Error sending audio: [400] Bad Request: file must be non-empty
	at org.telegram.telegrambots.api.methods.send.SendAudio.deserializeResponse(SendAudio.java:202)
	at org.telegram.telegrambots.bots.DefaultAbsSender.sendAudio(DefaultAbsSender.java:416)
	at com.soft.vadim.bot.Bot.sendMsg(Bot.java:67)
	at com.soft.vadim.bot.Bot.onUpdateReceived(Bot.java:33)
	at java.base/java.util.ArrayList.forEach(ArrayList.java:1540)
	at org.telegram.telegrambots.generics.LongPollingBot.onUpdatesReceived(LongPollingBot.java:27)
	at org.telegram.telegrambots.updatesreceivers.DefaultBotSession$HandlerThread.run(DefaultBotSession.java:306)
2019-05-01 15:28:06 INFO  Bot:85 - default
2019-05-01 15:28:18 INFO  Bot:74 - 1 check
2019-05-01 15:28:19 INFO  Bot:81 - Exception: 
org.telegram.telegrambots.exceptions.TelegramApiRequestException: Error sending message: [400] Bad Request: can't parse entities: Can't find end of the entity starting at byte offset 95
	at org.telegram.telegrambots.api.methods.send.SendMessage.deserializeResponse(SendMessage.java:170)
	at org.telegram.telegrambots.api.methods.send.SendMessage.deserializeResponse(SendMessage.java:24)
	at org.telegram.telegrambots.bots.DefaultAbsSender.sendApiMethod(DefaultAbsSender.java:672)
	at org.telegram.telegrambots.bots.AbsSender.sendMessage(AbsSender.java:64)
	at com.soft.vadim.bot.Bot.sendMsg(Bot.java:79)
	at com.soft.vadim.bot.Bot.onUpdateReceived(Bot.java:33)
	at java.util.ArrayList.forEach(ArrayList.java:1257)
	at org.telegram.telegrambots.generics.LongPollingBot.onUpdatesReceived(LongPollingBot.java:27)
	at org.telegram.telegrambots.updatesreceivers.DefaultBotSession$HandlerThread.run(DefaultBotSession.java:306)
2019-05-01 15:32:18 INFO  Bot:85 - default
2019-05-01 15:32:30 INFO  Bot:74 - 1 check
2019-05-02 22:45:33 INFO  HttpUrlConnection:25 - 
Sending 'GET' request to URL : http://94.142.142.113/api/song/user/get_songs/138499579?origin=kissvk.com&page=0
2019-05-03 12:40:32 INFO  HttpUrlConnection:25 - 
Sending 'GET' request to URL : http://94.142.142.113/api/song/user/get_songs/138499579?origin=kissvk.com&page=0
2019-05-03 13:13:23 INFO  HttpUrlConnection:25 - 
Sending 'GET' request to URL : http://94.142.142.113/api/song/user/get_songs/138499579?origin=kissvk.com&page=0
2019-05-03 14:06:02 INFO  Bot:56 - javax.net.ssl.SSLException: Read timed out
2019-05-03 14:08:20 INFO  Bot:56 - javax.net.ssl.SSLException: Connection reset
2019-05-03 14:09:04 INFO  Bot:56 - java.net.ConnectException: Connection timed out: connect
2019-05-03 14:10:57 INFO  Bot:56 - javax.net.ssl.SSLException: Read timed out
2019-05-03 14:13:11 INFO  Bot:36 - java.net.ConnectException: Connection timed out: connect
2019-05-03 14:19:02 INFO  Bot:90 - default
2019-05-03 14:19:02 INFO  Bot:90 - default
2019-05-03 14:19:03 INFO  Bot:90 - default
2019-05-03 14:19:03 INFO  Bot:90 - default
2019-05-03 14:19:03 INFO  Bot:90 - default
2019-05-03 14:19:03 INFO  Bot:90 - default
2019-05-03 16:32:35 INFO  Bot:90 - default
2019-05-03 16:33:01 INFO  Bot:36 - javax.net.ssl.SSLException: Read timed out
2019-05-03 16:34:43 INFO  Bot:85 - default
2019-05-03 16:35:04 INFO  Bot:92 - Exception: 
org.telegram.telegrambots.exceptions.TelegramApiException: Unable to execute sendmessage method
	at org.telegram.telegrambots.bots.DefaultAbsSender.sendApiMethod(DefaultAbsSender.java:674)
	at org.telegram.telegrambots.bots.AbsSender.sendMessage(AbsSender.java:64)
	at com.soft.vadim.bot.Bot.sendMsg(Bot.java:90)
	at com.soft.vadim.bot.Bot.onUpdateReceived(Bot.java:34)
	at java.base/java.util.ArrayList.forEach(ArrayList.java:1540)
	at org.telegram.telegrambots.generics.LongPollingBot.onUpdatesReceived(LongPollingBot.java:27)
	at org.telegram.telegrambots.updatesreceivers.DefaultBotSession$HandlerThread.run(DefaultBotSession.java:306)
Caused by: org.apache.http.conn.HttpHostConnectException: Connect to api.telegram.org:443 [api.telegram.org/149.154.167.220] failed: Connection timed out: connect
	at org.apache.http.impl.conn.DefaultHttpClientConnectionOperator.connect(DefaultHttpClientConnectionOperator.java:159)
	at org.apache.http.impl.conn.PoolingHttpClientConnectionManager.connect(PoolingHttpClientConnectionManager.java:359)
	at org.apache.http.impl.execchain.MainClientExec.establishRoute(MainClientExec.java:381)
	at org.apache.http.impl.execchain.MainClientExec.execute(MainClientExec.java:237)
	at org.apache.http.impl.execchain.ProtocolExec.execute(ProtocolExec.java:185)
	at org.apache.http.impl.execchain.RetryExec.execute(RetryExec.java:89)
	at org.apache.http.impl.execchain.RedirectExec.execute(RedirectExec.java:111)
	at org.apache.http.impl.client.InternalHttpClient.doExecute(InternalHttpClient.java:185)
	at org.apache.http.impl.client.CloseableHttpClient.execute(CloseableHttpClient.java:83)
	at org.apache.http.impl.client.CloseableHttpClient.execute(CloseableHttpClient.java:108)
	at org.telegram.telegrambots.bots.DefaultAbsSender.sendHttpPostRequest(DefaultAbsSender.java:720)
	at org.telegram.telegrambots.bots.DefaultAbsSender.sendMethodRequest(DefaultAbsSender.java:716)
	at org.telegram.telegrambots.bots.DefaultAbsSender.sendApiMethod(DefaultAbsSender.java:671)
	... 6 more
Caused by: java.net.ConnectException: Connection timed out: connect
	at java.base/java.net.PlainSocketImpl.waitForConnect(Native Method)
	at java.base/java.net.PlainSocketImpl.socketConnect(PlainSocketImpl.java:107)
	at java.base/java.net.AbstractPlainSocketImpl.doConnect(AbstractPlainSocketImpl.java:399)
	at java.base/java.net.AbstractPlainSocketImpl.connectToAddress(AbstractPlainSocketImpl.java:242)
	at java.base/java.net.AbstractPlainSocketImpl.connect(AbstractPlainSocketImpl.java:224)
	at java.base/java.net.SocksSocketImpl.connect(SocksSocketImpl.java:403)
	at java.base/java.net.Socket.connect(Socket.java:591)
	at org.apache.http.conn.ssl.SSLConnectionSocketFactory.connectSocket(SSLConnectionSocketFactory.java:339)
	at org.apache.http.impl.conn.DefaultHttpClientConnectionOperator.connect(DefaultHttpClientConnectionOperator.java:142)
	... 18 more
2019-05-03 16:38:16 INFO  Bot:85 - default
2019-05-03 16:38:21 INFO  Bot:85 - default
2019-05-03 16:38:26 INFO  Bot:85 - default
2019-05-03 16:38:27 INFO  Bot:75 - 1 check
2019-05-03 16:39:38 INFO  Bot:85 - default
2019-05-03 16:39:41 INFO  Bot:85 - default
2019-05-03 16:46:25 INFO  Bot:106 - default
2019-05-03 16:46:26 INFO  Bot:106 - default
2019-05-03 16:46:41 INFO  Bot:106 - default
2019-05-03 16:46:41 INFO  Bot:106 - default
